start: s
accept: accepted
reject: rejected
blank: _
s 0 -> accepted 0 ^
s 1 -> put_hash 1 <
s 2 -> put_hash 2 <
put_hash _ -> find_end # >
find_end 0 -> find_end 0 >
find_end 1 -> find_end 1 >
find_end 2 -> find_end 2 >
find_end # -> find_end # >
find_end _ -> minus_one _ <
minus_one 0 -> minus_one 2 <
minus_one 1 -> find_start 0 <
minus_one 2 -> find_start 1 <
find_start 0 -> find_start 0 <
find_start 1 -> find_start 1 <
find_start 2 -> find_start 2 <
find_start # -> plus_one # <
plus_one 0 -> find_end 1 >
plus_one 1 -> plus_one 0 <
plus_one _ -> find_end 1 >
minus_one # -> clean _ >
clean 0 -> clean _ >
clean 1 -> clean _ >
clean 2 -> clean _ >
clean _ -> find_digit _ <
find_digit _ -> find_digit _ <
find_digit 0 -> find_head 0 <
find_digit 1 -> find_head 1 <
find_head 0 -> find_head 0 <
find_head 1 -> find_head 1 <
find_head _ -> accepted _ >