2
S 0 _ -> S _ > 0 >
S 1 _ -> S _ > 1 >
S o _ -> S _ > o >
S ( _ -> S _ > ( >
S ) _ -> and _ ^ _ <
S a _ -> apply_and _ > _ <
S _ _ -> or _ ^ _ <
apply_and 1 1 -> S _ > 1 >
apply_and 1 0 -> S _ > 0 >
apply_and 0 1 -> S _ > 0 >
apply_and 0 0 -> S _ > 0 >
apply_and ( 1 -> bracket _ ^ 1 >
apply_and ( 0 -> bracket _ ^ 0 >
bracket _ _ -> S _ > a >
and _ 0 -> and_zero _ ^ _ <
and _ 1 -> and_one _ ^ _ <
and_zero _ o -> or_zero _ ^ _ <
and_zero _ _ -> S _ > 0 >
and_zero _ ( -> S _ > 0 >
and_zero _ a -> and_zero _ ^ _ <
and_zero _ 0 -> S _ > 0 >
and_zero _ 1 -> S _ > 0 >
and_one _ o -> or_one _ ^ _ <
and_one _ _ -> S _ > 1 >
and_one _ ( -> S _ > 1 >
and_one _ a -> and_one _ ^ _ <
and_one _ 0 -> S _ > 0 >
and_one _ 1 -> S _ > 1 >
or_zero _ 1 -> and _ ^ 1 ^
or_zero _ 0 -> and _ ^ 0 ^
or_zero _ ( -> S _ > 0 >
or_zero _ a -> and_zero _ ^ _ <
or_one _ 1 -> and _ ^ 1 ^
or_one _ 0 -> and _ ^ 1 ^
or_one _ ( -> S _ > 1 >
or_one _ a -> and_one _ ^ _ <
or _ 0 -> or_zero _ ^ _ <
or _ 1 -> or_one _ ^ _ <
or_zero _ o -> or_zero _ ^ _ <
or_zero _ _ -> AC 0 ^ _ <
or_zero _ 0 -> or _ ^ 0 ^
or_zero _ 1 -> or _ ^ 1 ^
or_one _ o -> or_one _ ^ _ <
or_one _ _ -> AC 1 ^ _ <
or_one _ 0 -> or _ ^ 1 ^
or_one _ 1 -> or _ ^ 1 ^