start: s
accept: accepted
reject: rejected
blank: _
s 0 -> s 0 >
s 1 -> s 1 >
s < -> find_first_unchecked_eq < <
find_first_unchecked_eq 0 -> find_sign_right_0_eq # >
find_first_unchecked_eq 1 -> find_sign_right_1_eq # >
find_first_unchecked_eq # -> find_first_unchecked_eq # <
find_first_unchecked_eq _ -> check_equality _ >
check_equality # -> check_equality # >
check_equality < -> check_equality < >
check_equality 0 -> accepted 0 ^
check_equality 1 -> accepted 1 ^
check_equality _ -> rejected _ ^
find_sign_right_0_eq 0 -> find_sign_right_0_eq 0 >
find_sign_right_0_eq 1 -> find_sign_right_0_eq 1 >
find_sign_right_0_eq # -> find_sign_right_0_eq # >
find_sign_right_0_eq < -> find_last_unchecked_eq_0 < >
find_sign_right_1_eq 0 -> find_sign_right_1_eq 0 >
find_sign_right_1_eq 1 -> find_sign_right_1_eq 1 >
find_sign_right_1_eq # -> find_sign_right_1_eq # >
find_sign_right_1_eq < -> find_last_unchecked_eq_1 < >
find_last_unchecked_eq_0 < -> find_last_unchecked_eq_0 < >
find_last_unchecked_eq_0 0 -> find_last_unchecked_eq_0 0 > 
find_last_unchecked_eq_0 1 -> find_last_unchecked_eq_0 1 > 
find_last_unchecked_eq_0 # -> compare_0_eq # < 
find_last_unchecked_eq_0 _ -> compare_0_eq _ <
find_last_unchecked_eq_1 < -> find_last_unchecked_eq_1 < >
find_last_unchecked_eq_1 0 -> find_last_unchecked_eq_1 0 > 
find_last_unchecked_eq_1 1 -> find_last_unchecked_eq_1 1 > 
find_last_unchecked_eq_1 # -> compare_1_eq # < 
find_last_unchecked_eq_1 _ -> compare_1_eq _ <
compare_0_eq 0 -> find_sign_left_eq # <
compare_0_eq 1 -> find_sign_left_less # < 
compare_1_eq 0 -> find_sign_left_greater # ^ 
compare_1_eq 1 -> find_sign_left_eq # < 
find_sign_left_eq 0 -> find_sign_left_eq 0 <
find_sign_left_eq 1 -> find_sign_left_eq 1 <
find_sign_left_eq # -> find_sign_left_eq # <
find_sign_left_eq < -> find_first_unchecked_eq < <
find_first_unchecked_less 0 -> find_sign_right_0_less # >
find_first_unchecked_less 1 -> find_sign_right_1_less # >
find_first_unchecked_less # -> find_first_unchecked_less # <
find_first_unchecked_less _ -> accepted _ ^
find_first_unchecked_greater 0 -> find_sign_right_0_greater # >
find_first_unchecked_greater 1 -> find_sign_right_1_greater # >
find_first_unchecked_greater # -> find_first_unchecked_greater # <
find_first_unchecked_greater _ -> check_equality _ >
find_sign_right_0_less 0 -> find_sign_right_0_less 0 >
find_sign_right_0_less 1 -> find_sign_right_0_less 1 >
find_sign_right_0_less # -> find_sign_right_0_less # >
find_sign_right_0_less < -> find_last_unchecked_less_0 < >
find_sign_right_1_less 0 -> find_sign_right_1_less 0 >
find_sign_right_1_less 1 -> find_sign_right_1_less 1 >
find_sign_right_1_less # -> find_sign_right_1_less # >
find_sign_right_1_less < -> find_last_unchecked_less_1 < >
find_sign_right_0_greater 0 -> find_sign_right_0_greater 0 >
find_sign_right_0_greater 1 -> find_sign_right_0_greater 1 >
find_sign_right_0_greater # -> find_sign_right_0_greater # >
find_sign_right_0_greater < -> find_last_unchecked_greater_0 < >
find_sign_right_1_greater 0 -> find_sign_right_1_greater 0 >
find_sign_right_1_greater 1 -> find_sign_right_1_greater 1 >
find_sign_right_1_greater # -> find_sign_right_1_greater # >
find_sign_right_1_greater < -> find_last_unchecked_greater_1 < >
find_last_unchecked_less_0 < -> find_last_unchecked_less_0 < >
find_last_unchecked_less_0 0 -> find_last_unchecked_less_0 0 > 
find_last_unchecked_less_0 1 -> find_last_unchecked_less_0 1 > 
find_last_unchecked_less_0 # -> compare_0_less # < 
find_last_unchecked_less_0 _ -> compare_0_less _ <
find_last_unchecked_less_1 < -> find_last_unchecked_less_1 < >
find_last_unchecked_less_1 0 -> find_last_unchecked_less_1 0 > 
find_last_unchecked_less_1 1 -> find_last_unchecked_less_1 1 > 
find_last_unchecked_less_1 # -> compare_1_less # < 
find_last_unchecked_less_1 _ -> compare_1_less _ <
find_last_unchecked_greater_0 < -> find_last_unchecked_greater_0 < >
find_last_unchecked_greater_0 0 -> find_last_unchecked_greater_0 0 > 
find_last_unchecked_greater_0 1 -> find_last_unchecked_greater_0 1 > 
find_last_unchecked_greater_0 # -> compare_0_greater # < 
find_last_unchecked_greater_0 _ -> compare_0_greater _ <
find_last_unchecked_greater_1 < -> find_last_unchecked_greater_1 < >
find_last_unchecked_greater_1 0 -> find_last_unchecked_greater_1 0 > 
find_last_unchecked_greater_1 1 -> find_last_unchecked_greater_1 1 > 
find_last_unchecked_greater_1 # -> compare_1_greater # < 
find_last_unchecked_greater_1 _ -> compare_1_greater _ <
compare_0_less 0 -> find_sign_left_less # <
compare_0_less 1 -> find_sign_left_less # < 
compare_1_less 0 -> find_sign_left_greater # ^ 
compare_1_less 1 -> find_sign_left_less # < 
compare_0_greater 0 -> find_sign_left_greater # <
compare_0_greater 1 -> find_sign_left_less # < 
compare_1_greater 0 -> find_sign_left_greater # ^ 
compare_1_greater 1 -> find_sign_left_greater # < 
find_sign_left_less 0 -> find_sign_left_less 0 <
find_sign_left_less 1 -> find_sign_left_less 1 <
find_sign_left_less # -> find_sign_left_less # <
find_sign_left_less < -> find_first_unchecked_less < <
find_sign_left_greater 0 -> find_sign_left_greater 0 <
find_sign_left_greater 1 -> find_sign_left_greater 1 <
find_sign_left_greater # -> find_sign_left_greater # <
find_sign_left_greater < -> find_first_unchecked_greater < <