start: s
accept: accepted
reject: rejected
blank: _
s 0 -> find_end 0 >
s 1 -> find_end 1 >
find_end _ -> find_first _ <
find_end 2 -> find_first 2 <
find_end 3 -> find_first 3 <
find_end 1 -> find_end 1 >
find_end 0 -> find_end 0 >
find_first 2 -> find_first 2 <
find_first 3 -> find_first 3 <
find_first 0 -> found_zero 2 >
find_first 1 -> found_one 3 >
find_first _ -> change _ >
change 1 -> change 1 >
change 0 -> change 0 >
change 2 -> change 0 >
change 3 -> change 1 >
change _ -> return _ <
return 0 -> return 0 <
return 1 -> return 1 <
return _ -> accepted _ >
found_zero 0 -> found_zero 0 >
found_zero 1 -> found_zero 1 >
found_zero 2 -> found_zero 2 >
found_zero 3 -> found_zero 3 >
found_zero _ -> find_first 2 <
found_one 0 -> found_one 0 >
found_one 1 -> found_one 1 >
found_one 2 -> found_one 2 >
found_one 3 -> found_one 3 >
found_one _ -> find_first 3 <