start: s
accept: accepted
reject: rejected
blank: _
s 1 -> put_hash 1 <
s 0 -> put_hash 0 <
put_hash _ -> find_end # >
find_end 0 -> find_end 0 >
find_end 1 -> find_end 1 >
find_end * -> find_end * >
find_end _ -> minus_one _ <
minus_one 0 -> minus_one 1 <
minus_one 1 -> find_start 0 <
find_start 0 -> find_start 0 <
find_start 1 -> find_start 1 <
find_start * -> plus * <
plus 0 -> plus_zero 2 <
plus_zero 0 -> plus_zero 0 <
plus_zero 1 -> plus_zero 1 <
plus_zero # -> add_zero # <
add_zero 2 -> add_zero 2 <
add_zero 3 -> add_zero 3 <
add_zero 0 -> add_more 2 >
add_zero 1 -> add_more 3 >
add_zero _ -> add_more 2 >
add_more 0 -> add_more 0 >
add_more 1 -> add_more 1 >
add_more 2 -> add_more 2 >
add_more 3 -> add_more 3 >
add_more # -> find_digit # >
find_digit 0 -> find_digit 0 >
find_digit 1 -> find_digit 1 >
find_digit 2 -> plus 2 <
find_digit 3 -> plus 3 <
plus 1 -> plus_one 3 <
plus_one 0 -> plus_one 0 <
plus_one 1 -> plus_one 1 <
plus_one # -> add_one # <
add_one 2 -> add_one 2 <
add_one 3 -> add_one 3 <
add_one 0 -> add_more 3 >
add_one _ -> add_more 3 >
add_one 1 -> carry 2 <
carry 1 -> carry 0 <
carry 0 -> add_more 1 >
carry _ -> add_more 1 >
plus # -> clean_backward # <
clean_backward 3 -> clean_backward 1 <
clean_backward 2 -> clean_backward 0 <
clean_backward 1 -> clean_backward 1 <
clean_backward 0 -> clean_backward 0 <
clean_backward _ -> clean_forward _ >
clean_forward 0 -> clean_forward 0 >
clean_forward 1 -> clean_forward 1 >
clean_forward # -> clean_forward # >
clean_forward 2 -> clean_forward 0 >
clean_forward 3 -> clean_forward 1 >
clean_forward * -> find_end * >
minus_one * -> clean * >
clean 0 -> clean _ >
clean 1 -> clean _ >
clean _ -> find_star _ <
find_star _ -> find_star _ <
find_star 0 -> find_star _ <
find_star 1 -> find_star _ <
find_star * -> find_hash _ <
find_hash 0 -> find_hash _ <
find_hash 1 -> find_hash _ <
find_hash # -> find_head _ <
find_head 0 -> find_head_found_something 0 <
find_head 1 -> find_head_found_something 1 <
find_head_found_something 0 -> find_head_found_something 0 <
find_head_found_something 1 -> find_head_found_something 1 <
find_head_found_something _ -> accepted _ >
find_head _ -> accepted 0 ^