1
S - -> S - <
S _ -> S _ >
S 0 -> zero 0 >
S 1 -> one 1 >
zero 0 -> zero_zero 0 >
zero 1 -> zero_one 1 >
zero - -> zero - >
zero_zero 0 -> zero_zero 0 >
zero_zero - -> zero_zero - >
zero_zero 1 -> zero_one 1 >
zero_one 1 -> one_one 1 >
zero_one 0 -> one_zero 0 >
zero_one - -> zero_one - >
zero _ -> AC 0 ^
one 0 -> one_zero 0 >
one 1 -> one_one 1 >
one - -> one - >
one_zero 0 -> zero_zero 0 >
one_zero - -> one_zero - >
one_zero 1 -> zero_one 1 >
one_one 0 -> one_zero 0 >
one_one 1 -> one_one 1 >
one_one - -> one_one - >
one _ -> AC 1 ^
zero_zero o -> zero_d1 - <
zero_zero a -> zero_d1 - <
zero_one o -> one_d1 - <
zero_one a -> zero_d1 - <
one_zero o -> one_d1 - <
one_zero a -> zero_d1 - <
one_one o -> one_d1 - <
one_one a -> one_d1 - <
one_d1 - -> one_d1 - <
one_d1 1 -> one_d2 - <
one_d1 0 -> one_d2 - <
one_d2 - -> one_d2 - <
one_d2 1 -> S 1 <
one_d2 0 -> S 1 <
one_d2 _ -> one _ >
zero_d1 - -> zero_d1 - <
zero_d2 - -> zero_d2 - <
zero_d1 1 -> zero_d2 - <
zero_d1 0 -> zero_d2 - <
zero_d2 1 -> S 0 <
zero_d2 0 -> S 0 <
zero_d2 _ -> zero _ >