3
S 0 _ _ -> S 0 < _ ^ _ ^
S 1 _ _ -> S 1 < _ ^ _ ^
S _ _ _ -> copy | > | > | >
copy 1 _ _ -> copy 1 > 1 > _ ^
copy 0 _ _ -> copy 0 > 0 > _ ^
copy 1 _ _ -> copy 1 > 1 > _ ^
copy | _ _ -> copy | > | > _ ^
copy _ _ _ -> minus | < | < _ ^
minus 0 0 _ -> minus 1 < 0 < _ ^
minus 1 0 _ -> find_minus 0 < 0 < _ ^
minus 0 1 _ -> minus 1 < 1 < _ ^
minus 1 1 _ -> find_minus 0 < 1 < _ ^
minus | | _ -> add | > | > _ ^
minus s s _ -> find_minus s < s < _ ^
minus _ _ _ -> check _ > _ > _ ^
add 1 0 _ -> add s > s > 0 >
add 1 1 _ -> add s > s > 1 >
add | | _ -> find_minus | < | < | >
find_minus 0 0 _ -> find_minus 0 < 0 < _ ^
find_minus 0 1 _ -> find_minus 0 < 1 < _ ^
find_minus 1 0 _ -> find_minus 1 < 0 < _ ^
find_minus 1 1 _ -> find_minus 1 < 1 < _ ^
find_minus s s _ -> find_minus s < s < _ ^
find_minus | | _ -> minus | < | < _ ^
check 0 0 _ -> find_end_plus 0 > 0 > _ ^
check 0 1 _ -> find_end_plus 0 > 1 > _ ^
check 1 0 _ -> find_end_plus 1 > 0 > _ ^
check 1 1 _ -> find_end_plus 1 > 1 > _ ^
check s s _ -> check s > s > _ ^
check | | _ -> check | > | > _ ^
check _ _ _ -> clean _ < _ < _ <
find_end_plus 0 0 _ -> find_end_plus 0 > 0 > _ ^
find_end_plus 0 1 _ -> find_end_plus 0 > 1 > _ ^
find_end_plus 1 0 _ -> find_end_plus 1 > 0 > _ ^
find_end_plus 1 1 _ -> find_end_plus 1 > 1 > _ ^
find_end_plus s s _ -> find_end_plus s > s > _ ^
find_end_plus | | _ -> find_end_plus | > | > _ ^
find_end_plus _ _ _ -> find_minus _ < _ < _ ^
clean | | | -> clean | < _ < _ <
clean s s | -> clean | < _ < _ <
clean s s 0 -> clean 0 < _ < _ <
clean | | 0 -> clean 0 < _ < _ <
clean s s 1 -> clean 1 < _ < _ <
clean | | 1 -> clean 1 < _ < _ <
clean _ _ _ -> clean_first _ > _ ^ _ ^
clean_first | _ _ -> find_end _ > _ ^ _ ^
find_end | _ _ -> find_end | > _ ^ _ ^
find_end 0 _ _ -> find_end 0 > _ ^ _ ^
find_end 1 _ _ -> find_end 1 > _ ^ _ ^
find_end _ _ _ -> clean_last _ < _ ^ _ ^
clean_last | _ _ -> find_start _ < _ ^ _ ^
find_start | _ _ -> find_start | < _ ^ _ ^
find_start 0 _ _ -> find_start 0 < _ ^ _ ^
find_start 1 _ _ -> find_start 1 < _ ^ _ ^
find_start _ _ _ -> AC _ > _ ^ _ ^