\BOOKMARK [1][-]{section.1}{}{}% 1
\BOOKMARK [2][-]{subsection.1.1}{}{section.1}% 2
\BOOKMARK [2][-]{subsection.1.2}{ }{section.1}% 3
\BOOKMARK [2][-]{subsection.1.3}{ \040}{section.1}% 4
\BOOKMARK [2][-]{subsection.1.4}{, \040 \040 \040}{section.1}% 5
\BOOKMARK [2][-]{subsection.1.5}{ }{section.1}% 6
\BOOKMARK [2][-]{subsection.1.6}{}{section.1}% 7
\BOOKMARK [2][-]{subsection.1.7}{ }{section.1}% 8
\BOOKMARK [1][-]{section.2}{ }{}% 9
\BOOKMARK [2][-]{subsection.2.1}{ \040 }{section.2}% 10
\BOOKMARK [2][-]{subsection.2.2}{ \040 }{section.2}% 11
\BOOKMARK [2][-]{subsection.2.3}{ \040 \040 }{section.2}% 12
\BOOKMARK [1][-]{section.3}{ }{}% 13
\BOOKMARK [1][-]{section.4}{ \040 }{}% 14
\BOOKMARK [2][-]{subsection.4.1}{}{section.4}% 15
\BOOKMARK [2][-]{subsection.4.2}{}{section.4}% 16
\BOOKMARK [1][-]{section.5}{ -}{}% 17
\BOOKMARK [2][-]{subsection.5.1}{ \040 -}{section.5}% 18
\BOOKMARK [1][-]{section.6}{ }{}% 19
\BOOKMARK [2][-]{subsection.6.1}{ \040 }{section.6}% 20
\BOOKMARK [2][-]{subsection.6.2}{ \040 \040 }{section.6}% 21
\BOOKMARK [2][-]{subsection.6.3}{ b \040 }{section.6}% 22
\BOOKMARK [1][-]{section.7}{ }{}% 23
\BOOKMARK [1][-]{section.8}{ }{}% 24
\BOOKMARK [1][-]{section.9}{ \040}{}% 25
\BOOKMARK [1][-]{section.10}{ \040 }{}% 26
\BOOKMARK [2][-]{subsection.10.1}{ \040}{section.10}% 27
\BOOKMARK [2][-]{subsection.10.2}{ \040}{section.10}% 28
\BOOKMARK [1][-]{section.11}{ \040 \040}{}% 29
\BOOKMARK [1][-]{section.12}{ }{}% 30
\BOOKMARK [2][-]{subsection.12.1}{ \040}{section.12}% 31
\BOOKMARK [2][-]{subsection.12.2}{ \040 \040}{section.12}% 32
